WARNING: A terminally deprecated method in sun.misc.Unsafe has been called
WARNING: sun.misc.Unsafe::staticFieldBase has been called by com.google.inject.internal.aop.HiddenClassDefiner (file:/Users/mac/.m2/wrapper/dists/apache-maven-3.9.11/a2d47e15/lib/guice-5.1.0-classes.jar)
WARNING: Please consider reporting this to the maintainers of class com.google.inject.internal.aop.HiddenClassDefiner
WARNING: sun.misc.Unsafe::staticFieldBase will be removed in a future release
[INFO] Scanning for projects...
[INFO] 
[INFO] -----------------< com.zim-license-co:zim-license-co >------------------
[INFO] Building zim-license-co 0.0.1-SNAPSHOT
[INFO]   from pom.xml
[INFO] --------------------------------[ jar ]---------------------------------
[INFO] 
[INFO] >>> spring-boot:3.5.6:run (default-cli) > test-compile @ zim-license-co >>>
[INFO] 
[INFO] --- resources:3.3.1:resources (default-resources) @ zim-license-co ---
[INFO] Copying 3 resources from src/main/resources to target/classes
[INFO] Copying 4 resources from src/main/resources to target/classes
[INFO] 
[INFO] --- compiler:3.14.0:compile (default-compile) @ zim-license-co ---
[INFO] Nothing to compile - all classes are up to date.
[INFO] 
[INFO] --- resources:3.3.1:testResources (default-testResources) @ zim-license-co ---
[INFO] skip non existing resourceDirectory /Users/mac/Downloads/zim-license co-frontend/zim-license-co backend/src/test/resources
[INFO] 
[INFO] --- compiler:3.14.0:testCompile (default-testCompile) @ zim-license-co ---
[INFO] Nothing to compile - all classes are up to date.
[INFO] 
[INFO] <<< spring-boot:3.5.6:run (default-cli) < test-compile @ zim-license-co <<<
[INFO] 
[INFO] 
[INFO] --- spring-boot:3.5.6:run (default-cli) @ zim-license-co ---
[INFO] Attaching agents: []

  .   ____          _            __ _ _
 /\\ / ___'_ __ _ _(_)_ __  __ _ \ \ \ \
( ( )\___ | '_ | '_| | '_ \/ _` | \ \ \ \
 \\/  ___)| |_)| | | | | || (_| |  ) ) ) )
  '  |____| .__|_| |_|_| |_\__, | / / / /
 =========|_|==============|___/=/_/_/_/

 :: Spring Boot ::                (v3.5.6)

2025-10-04T20:59:40.834+02:00  INFO 82071 --- [zim-license-co] [           main] c.z.z.ZimLicenseCoApplication            : Starting ZimLicenseCoApplication using Java 25 with PID 82071 (/Users/mac/Downloads/zim-license co-frontend/zim-license-co backend/target/classes started by mac in /Users/mac/Downloads/zim-license co-frontend/zim-license-co backend)
2025-10-04T20:59:40.835+02:00  INFO 82071 --- [zim-license-co] [           main] c.z.z.ZimLicenseCoApplication            : No active profile set, falling back to 1 default profile: "default"
2025-10-04T20:59:41.258+02:00  INFO 82071 --- [zim-license-co] [           main] .s.d.r.c.RepositoryConfigurationDelegate : Bootstrapping Spring Data JPA repositories in DEFAULT mode.
2025-10-04T20:59:41.285+02:00  INFO 82071 --- [zim-license-co] [           main] .s.d.r.c.RepositoryConfigurationDelegate : Finished Spring Data repository scanning in 22 ms. Found 3 JPA repository interfaces.
2025-10-04T20:59:41.522+02:00  INFO 82071 --- [zim-license-co] [           main] o.s.b.w.embedded.tomcat.TomcatWebServer  : Tomcat initialized with port 8080 (http)
2025-10-04T20:59:41.530+02:00  INFO 82071 --- [zim-license-co] [           main] o.apache.catalina.core.StandardService   : Starting service [Tomcat]
2025-10-04T20:59:41.530+02:00  INFO 82071 --- [zim-license-co] [           main] o.apache.catalina.core.StandardEngine    : Starting Servlet engine: [Apache Tomcat/10.1.46]
2025-10-04T20:59:41.555+02:00  INFO 82071 --- [zim-license-co] [           main] o.a.c.c.C.[Tomcat].[localhost].[/]       : Initializing Spring embedded WebApplicationContext
2025-10-04T20:59:41.555+02:00  INFO 82071 --- [zim-license-co] [           main] w.s.c.ServletWebServerApplicationContext : Root WebApplicationContext: initialization completed in 701 ms
2025-10-04T20:59:41.702+02:00  INFO 82071 --- [zim-license-co] [           main] com.zaxxer.hikari.HikariDataSource       : HikariPool-1 - Starting...
2025-10-04T20:59:41.788+02:00  INFO 82071 --- [zim-license-co] [           main] com.zaxxer.hikari.pool.HikariPool        : HikariPool-1 - Added connection com.mysql.cj.jdbc.ConnectionImpl@4cb24e2
2025-10-04T20:59:41.789+02:00  INFO 82071 --- [zim-license-co] [           main] com.zaxxer.hikari.HikariDataSource       : HikariPool-1 - Start completed.
2025-10-04T20:59:41.808+02:00  INFO 82071 --- [zim-license-co] [           main] org.flywaydb.core.FlywayExecutor         : Database: jdbc:mysql://localhost:3306/telecom_backend?createDatabaseIfNotExist=true&useSSL=false&serverTimezone=UTC (MySQL 9.2)
2025-10-04T20:59:41.814+02:00  WARN 82071 --- [zim-license-co] [           main] o.f.c.internal.database.base.Database    : Flyway upgrade recommended: MySQL 9.2 is newer than this version of Flyway and support has not been tested. The latest supported version of MySQL is 8.1.
2025-10-04T20:59:41.831+02:00  INFO 82071 --- [zim-license-co] [           main] o.f.core.internal.command.DbValidate     : Successfully validated 4 migrations (execution time 00:00.012s)
2025-10-04T20:59:41.839+02:00  INFO 82071 --- [zim-license-co] [           main] o.f.core.internal.command.DbMigrate      : Current version of schema `telecom_backend`: 3
2025-10-04T20:59:41.847+02:00  INFO 82071 --- [zim-license-co] [           main] o.f.core.internal.command.DbMigrate      : Migrating schema `telecom_backend` to version "4 - create users table"
2025-10-04T20:59:41.881+02:00  INFO 82071 --- [zim-license-co] [           main] o.f.core.internal.command.DbMigrate      : Successfully applied 1 migration to schema `telecom_backend`, now at version v4 (execution time 00:00.022s)
2025-10-04T20:59:41.920+02:00  INFO 82071 --- [zim-license-co] [           main] o.hibernate.jpa.internal.util.LogHelper  : HHH000204: Processing PersistenceUnitInfo [name: default]
2025-10-04T20:59:41.947+02:00  INFO 82071 --- [zim-license-co] [           main] org.hibernate.Version                    : HHH000412: Hibernate ORM core version 6.6.29.Final
2025-10-04T20:59:41.963+02:00  INFO 82071 --- [zim-license-co] [           main] o.h.c.internal.RegionFactoryInitiator    : HHH000026: Second-level cache disabled
2025-10-04T20:59:42.086+02:00  INFO 82071 --- [zim-license-co] [           main] o.s.o.j.p.SpringPersistenceUnitInfo      : No LoadTimeWeaver setup: ignoring JPA class transformer
2025-10-04T20:59:42.115+02:00  WARN 82071 --- [zim-license-co] [           main] org.hibernate.orm.deprecation            : HHH90000025: MySQLDialect does not need to be specified explicitly using 'hibernate.dialect' (remove the property setting and it will be selected by default)
2025-10-04T20:59:42.120+02:00  INFO 82071 --- [zim-license-co] [           main] org.hibernate.orm.connections.pooling    : HHH10001005: Database info:
	Database JDBC URL [Connecting through datasource 'HikariDataSource (HikariPool-1)']
	Database driver: undefined/unknown
	Database version: 9.2
	Autocommit mode: undefined/unknown
	Isolation level: undefined/unknown
	Minimum pool size: undefined/unknown
	Maximum pool size: undefined/unknown
2025-10-04T20:59:42.514+02:00  INFO 82071 --- [zim-license-co] [           main] o.h.e.t.j.p.i.JtaPlatformInitiator       : HHH000489: No JTA platform available (set 'hibernate.transaction.jta.platform' to enable JTA platform integration)
2025-10-04T20:59:42.532+02:00  INFO 82071 --- [zim-license-co] [           main] j.LocalContainerEntityManagerFactoryBean : Initialized JPA EntityManagerFactory for persistence unit 'default'
2025-10-04T20:59:42.702+02:00  INFO 82071 --- [zim-license-co] [           main] eAuthenticationProviderManagerConfigurer : Global AuthenticationManager configured with AuthenticationProvider bean with name authenticationProvider
2025-10-04T20:59:42.702+02:00  WARN 82071 --- [zim-license-co] [           main] r$InitializeUserDetailsManagerConfigurer : Global AuthenticationManager configured with an AuthenticationProvider bean. UserDetailsService beans will not be used by Spring Security for automatically configuring username/password login. Consider removing the AuthenticationProvider bean. Alternatively, consider using the UserDetailsService in a manually instantiated DaoAuthenticationProvider. If the current configuration is intentional, to turn off this warning, increase the logging level of 'org.springframework.security.config.annotation.authentication.configuration.InitializeUserDetailsBeanManagerConfigurer' to ERROR
2025-10-04T20:59:42.758+02:00  WARN 82071 --- [zim-license-co] [           main] JpaBaseConfiguration$JpaWebConfiguration : spring.jpa.open-in-view is enabled by default. Therefore, database queries may be performed during view rendering. Explicitly configure spring.jpa.open-in-view to disable this warning
2025-10-04T20:59:42.885+02:00  INFO 82071 --- [zim-license-co] [           main] o.s.b.a.e.web.EndpointLinksResolver      : Exposing 2 endpoints beneath base path '/actuator'
2025-10-04T20:59:43.083+02:00  INFO 82071 --- [zim-license-co] [           main] o.s.b.w.embedded.tomcat.TomcatWebServer  : Tomcat started on port 8080 (http) with context path '/'
2025-10-04T20:59:43.092+02:00  INFO 82071 --- [zim-license-co] [           main] c.z.z.ZimLicenseCoApplication            : Started ZimLicenseCoApplication in 2.436 seconds (process running for 2.576)
2025-10-04T21:00:05.310+02:00  INFO 82071 --- [zim-license-co] [nio-8080-exec-1] o.a.c.c.C.[Tomcat].[localhost].[/]       : Initializing Spring DispatcherServlet 'dispatcherServlet'
2025-10-04T21:00:05.310+02:00  INFO 82071 --- [zim-license-co] [nio-8080-exec-1] o.s.web.servlet.DispatcherServlet        : Initializing Servlet 'dispatcherServlet'
2025-10-04T21:00:05.311+02:00  INFO 82071 --- [zim-license-co] [nio-8080-exec-1] o.s.web.servlet.DispatcherServlet        : Completed initialization in 1 ms
Hibernate: 
    select
        u1_0.id,
        u1_0.company_name,
        u1_0.created_at,
        u1_0.email,
        u1_0.full_name,
        u1_0.is_active,
        u1_0.password,
        u1_0.phone_number,
        u1_0.role,
        u1_0.updated_at 
    from
        users u1_0 
    where
        u1_0.email=?
Hibernate: 
    select
        u1_0.id,
        u1_0.company_name,
        u1_0.created_at,
        u1_0.email,
        u1_0.full_name,
        u1_0.is_active,
        u1_0.password,
        u1_0.phone_number,
        u1_0.role,
        u1_0.updated_at 
    from
        users u1_0 
    where
        u1_0.email=?
Hibernate: 
    select
        u1_0.id,
        u1_0.company_name,
        u1_0.created_at,
        u1_0.email,
        u1_0.full_name,
        u1_0.is_active,
        u1_0.password,
        u1_0.phone_number,
        u1_0.role,
        u1_0.updated_at 
    from
        users u1_0 
    where
        u1_0.email=?
Hibernate: 
    select
        u1_0.id,
        u1_0.company_name,
        u1_0.created_at,
        u1_0.email,
        u1_0.full_name,
        u1_0.is_active,
        u1_0.password,
        u1_0.phone_number,
        u1_0.role,
        u1_0.updated_at 
    from
        users u1_0 
    where
        u1_0.email=?
Hibernate: 
    select
        u1_0.id,
        u1_0.company_name,
        u1_0.created_at,
        u1_0.email,
        u1_0.full_name,
        u1_0.is_active,
        u1_0.password,
        u1_0.phone_number,
        u1_0.role,
        u1_0.updated_at 
    from
        users u1_0 
    where
        u1_0.email=?
Hibernate: 
    select
        u1_0.id,
        u1_0.company_name,
        u1_0.created_at,
        u1_0.email,
        u1_0.full_name,
        u1_0.is_active,
        u1_0.password,
        u1_0.phone_number,
        u1_0.role,
        u1_0.updated_at 
    from
        users u1_0 
    where
        u1_0.email=?
Hibernate: 
    select
        u1_0.id,
        u1_0.company_name,
        u1_0.created_at,
        u1_0.email,
        u1_0.full_name,
        u1_0.is_active,
        u1_0.password,
        u1_0.phone_number,
        u1_0.role,
        u1_0.updated_at 
    from
        users u1_0 
    where
        u1_0.email=?
Hibernate: 
    select
        u1_0.id,
        u1_0.company_name,
        u1_0.created_at,
        u1_0.email,
        u1_0.full_name,
        u1_0.is_active,
        u1_0.password,
        u1_0.phone_number,
        u1_0.role,
        u1_0.updated_at 
    from
        users u1_0 
    where
        u1_0.email=?
Hibernate: 
    select
        u1_0.id,
        u1_0.company_name,
        u1_0.created_at,
        u1_0.email,
        u1_0.full_name,
        u1_0.is_active,
        u1_0.password,
        u1_0.phone_number,
        u1_0.role,
        u1_0.updated_at 
    from
        users u1_0 
    where
        u1_0.email=?
Hibernate: 
    select
        u1_0.id,
        u1_0.company_name,
        u1_0.created_at,
        u1_0.email,
        u1_0.full_name,
        u1_0.is_active,
        u1_0.password,
        u1_0.phone_number,
        u1_0.role,
        u1_0.updated_at 
    from
        users u1_0 
    where
        u1_0.email=?
Hibernate: 
    select
        l1_0.id,
        l1_0.application_fee_paid,
        l1_0.company_name,
        l1_0.created_at,
        l1_0.email,
        l1_0.issue_date,
        l1_0.latitude,
        l1_0.license_fee_paid,
        l1_0.license_type,
        l1_0.longitude,
        l1_0.updated_at,
        l1_0.validity_period_years 
    from
        licenses l1_0
Hibernate: 
    select
        u1_0.id,
        u1_0.company_name,
        u1_0.created_at,
        u1_0.email,
        u1_0.full_name,
        u1_0.is_active,
        u1_0.password,
        u1_0.phone_number,
        u1_0.role,
        u1_0.updated_at 
    from
        users u1_0 
    where
        u1_0.email=?
Hibernate: 
    select
        c1_0.id,
        c1_0.address,
        c1_0.contact_person,
        c1_0.created_at,
        c1_0.email,
        c1_0.latitude,
        c1_0.longitude,
        c1_0.name,
        c1_0.updated_at 
    from
        companies c1_0
Hibernate: 
    select
        u1_0.id,
        u1_0.company_name,
        u1_0.created_at,
        u1_0.email,
        u1_0.full_name,
        u1_0.is_active,
        u1_0.password,
        u1_0.phone_number,
        u1_0.role,
        u1_0.updated_at 
    from
        users u1_0 
    where
        u1_0.email=?
Hibernate: 
    select
        l1_0.id,
        l1_0.application_fee_paid,
        l1_0.company_name,
        l1_0.created_at,
        l1_0.email,
        l1_0.issue_date,
        l1_0.latitude,
        l1_0.license_fee_paid,
        l1_0.license_type,
        l1_0.longitude,
        l1_0.updated_at,
        l1_0.validity_period_years 
    from
        licenses l1_0
Hibernate: 
    select
        u1_0.id,
        u1_0.company_name,
        u1_0.created_at,
        u1_0.email,
        u1_0.full_name,
        u1_0.is_active,
        u1_0.password,
        u1_0.phone_number,
        u1_0.role,
        u1_0.updated_at 
    from
        users u1_0 
    where
        u1_0.email=?
Hibernate: 
    select
        l1_0.id,
        l1_0.application_fee_paid,
        l1_0.company_name,
        l1_0.created_at,
        l1_0.email,
        l1_0.issue_date,
        l1_0.latitude,
        l1_0.license_fee_paid,
        l1_0.license_type,
        l1_0.longitude,
        l1_0.updated_at,
        l1_0.validity_period_years 
    from
        licenses l1_0
Hibernate: 
    select
        u1_0.id,
        u1_0.company_name,
        u1_0.created_at,
        u1_0.email,
        u1_0.full_name,
        u1_0.is_active,
        u1_0.password,
        u1_0.phone_number,
        u1_0.role,
        u1_0.updated_at 
    from
        users u1_0 
    where
        u1_0.email=?
Hibernate: 
    select
        l1_0.id,
        l1_0.application_fee_paid,
        l1_0.company_name,
        l1_0.created_at,
        l1_0.email,
        l1_0.issue_date,
        l1_0.latitude,
        l1_0.license_fee_paid,
        l1_0.license_type,
        l1_0.longitude,
        l1_0.updated_at,
        l1_0.validity_period_years 
    from
        licenses l1_0
Hibernate: 
    select
        u1_0.id,
        u1_0.company_name,
        u1_0.created_at,
        u1_0.email,
        u1_0.full_name,
        u1_0.is_active,
        u1_0.password,
        u1_0.phone_number,
        u1_0.role,
        u1_0.updated_at 
    from
        users u1_0 
    where
        u1_0.email=?
Hibernate: 
    select
        l1_0.id,
        l1_0.application_fee_paid,
        l1_0.company_name,
        l1_0.created_at,
        l1_0.email,
        l1_0.issue_date,
        l1_0.latitude,
        l1_0.license_fee_paid,
        l1_0.license_type,
        l1_0.longitude,
        l1_0.updated_at,
        l1_0.validity_period_years 
    from
        licenses l1_0
2025-10-04T22:10:21.469+02:00  WARN 82071 --- [zim-license-co] [l-1:housekeeper] com.zaxxer.hikari.pool.HikariPool        : HikariPool-1 - Thread starvation or clock leap detected (housekeeper delta=46m9s429ms).
Hibernate: 
    select
        u1_0.id,
        u1_0.company_name,
        u1_0.created_at,
        u1_0.email,
        u1_0.full_name,
        u1_0.is_active,
        u1_0.password,
        u1_0.phone_number,
        u1_0.role,
        u1_0.updated_at 
    from
        users u1_0 
    where
        u1_0.email=?
Hibernate: 
    select
        c1_0.id,
        c1_0.address,
        c1_0.contact_person,
        c1_0.created_at,
        c1_0.email,
        c1_0.latitude,
        c1_0.longitude,
        c1_0.name,
        c1_0.updated_at 
    from
        companies c1_0
Hibernate: 
    select
        u1_0.id,
        u1_0.company_name,
        u1_0.created_at,
        u1_0.email,
        u1_0.full_name,
        u1_0.is_active,
        u1_0.password,
        u1_0.phone_number,
        u1_0.role,
        u1_0.updated_at 
    from
        users u1_0 
    where
        u1_0.email=?
Hibernate: 
    select
        c1_0.id,
        c1_0.address,
        c1_0.contact_person,
        c1_0.created_at,
        c1_0.email,
        c1_0.latitude,
        c1_0.longitude,
        c1_0.name,
        c1_0.updated_at 
    from
        companies c1_0
Hibernate: 
    select
        u1_0.id,
        u1_0.company_name,
        u1_0.created_at,
        u1_0.email,
        u1_0.full_name,
        u1_0.is_active,
        u1_0.password,
        u1_0.phone_number,
        u1_0.role,
        u1_0.updated_at 
    from
        users u1_0 
    where
        u1_0.email=?
Hibernate: 
    select
        l1_0.id,
        l1_0.application_fee_paid,
        l1_0.company_name,
        l1_0.created_at,
        l1_0.email,
        l1_0.issue_date,
        l1_0.latitude,
        l1_0.license_fee_paid,
        l1_0.license_type,
        l1_0.longitude,
        l1_0.updated_at,
        l1_0.validity_period_years 
    from
        licenses l1_0
Hibernate: 
    select
        u1_0.id,
        u1_0.company_name,
        u1_0.created_at,
        u1_0.email,
        u1_0.full_name,
        u1_0.is_active,
        u1_0.password,
        u1_0.phone_number,
        u1_0.role,
        u1_0.updated_at 
    from
        users u1_0 
    where
        u1_0.email=?
Hibernate: 
    select
        u1_0.id,
        u1_0.company_name,
        u1_0.created_at,
        u1_0.email,
        u1_0.full_name,
        u1_0.is_active,
        u1_0.password,
        u1_0.phone_number,
        u1_0.role,
        u1_0.updated_at 
    from
        users u1_0 
    where
        u1_0.email=?
Hibernate: 
    select
        u1_0.id,
        u1_0.company_name,
        u1_0.created_at,
        u1_0.email,
        u1_0.full_name,
        u1_0.is_active,
        u1_0.password,
        u1_0.phone_number,
        u1_0.role,
        u1_0.updated_at 
    from
        users u1_0 
    where
        u1_0.email=?
2025-10-04T23:35:37.511+02:00  WARN 82071 --- [zim-license-co] [l-1:housekeeper] com.zaxxer.hikari.pool.HikariPool        : HikariPool-1 - Thread starvation or clock leap detected (housekeeper delta=47m45s877ms).
2025-10-05T00:49:08.699+02:00  WARN 82071 --- [zim-license-co] [l-1:housekeeper] com.zaxxer.hikari.pool.HikariPool        : HikariPool-1 - Thread starvation or clock leap detected (housekeeper delta=1h13m31s194ms).
2025-10-05T02:06:02.843+02:00  WARN 82071 --- [zim-license-co] [l-1:housekeeper] com.zaxxer.hikari.pool.HikariPool        : HikariPool-1 - Thread starvation or clock leap detected (housekeeper delta=1h16m54s144ms).
2025-10-05T03:41:55.815+02:00  WARN 82071 --- [zim-license-co] [l-1:housekeeper] com.zaxxer.hikari.pool.HikariPool        : HikariPool-1 - Thread starvation or clock leap detected (housekeeper delta=1h35m52s972ms).
2025-10-05T03:44:26.067+02:00  WARN 82071 --- [zim-license-co] [l-1:housekeeper] com.zaxxer.hikari.pool.HikariPool        : HikariPool-1 - Thread starvation or clock leap detected (housekeeper delta=2m30s252ms).
