WARNING: A terminally deprecated method in sun.misc.Unsafe has been called
WARNING: sun.misc.Unsafe::staticFieldBase has been called by com.google.inject.internal.aop.HiddenClassDefiner (file:/Users/mac/.m2/wrapper/dists/apache-maven-3.9.11/a2d47e15/lib/guice-5.1.0-classes.jar)
WARNING: Please consider reporting this to the maintainers of class com.google.inject.internal.aop.HiddenClassDefiner
WARNING: sun.misc.Unsafe::staticFieldBase will be removed in a future release
[INFO] Scanning for projects...
[INFO] 
[INFO] -----------------< com.zim-license-co:zim-license-co >------------------
[INFO] Building zim-license-co 0.0.1-SNAPSHOT
[INFO]   from pom.xml
[INFO] --------------------------------[ jar ]---------------------------------
[INFO] 
[INFO] >>> spring-boot:3.5.6:run (default-cli) > test-compile @ zim-license-co >>>
[INFO] 
[INFO] --- resources:3.3.1:resources (default-resources) @ zim-license-co ---
[INFO] Copying 3 resources from src/main/resources to target/classes
[INFO] Copying 3 resources from src/main/resources to target/classes
[INFO] 
[INFO] --- compiler:3.14.0:compile (default-compile) @ zim-license-co ---
[INFO] Nothing to compile - all classes are up to date.
[INFO] 
[INFO] --- resources:3.3.1:testResources (default-testResources) @ zim-license-co ---
[INFO] skip non existing resourceDirectory /Users/mac/Downloads/zim-license-co-2/zim-license-co/src/test/resources
[INFO] 
[INFO] --- compiler:3.14.0:testCompile (default-testCompile) @ zim-license-co ---
[INFO] Nothing to compile - all classes are up to date.
[INFO] 
[INFO] <<< spring-boot:3.5.6:run (default-cli) < test-compile @ zim-license-co <<<
[INFO] 
[INFO] 
[INFO] --- spring-boot:3.5.6:run (default-cli) @ zim-license-co ---
[INFO] Attaching agents: []

  .   ____          _            __ _ _
 /\\ / ___'_ __ _ _(_)_ __  __ _ \ \ \ \
( ( )\___ | '_ | '_| | '_ \/ _` | \ \ \ \
 \\/  ___)| |_)| | | | | || (_| |  ) ) ) )
  '  |____| .__|_| |_|_| |_\__, | / / / /
 =========|_|==============|___/=/_/_/_/

 :: Spring Boot ::                (v3.5.6)

2025-10-04T13:54:09.402+02:00  INFO 17157 --- [zim-license-co] [           main] c.z.z.ZimLicenseCoApplication            : Starting ZimLicenseCoApplication using Java 25 with PID 17157 (/Users/mac/Downloads/zim-license-co-2/zim-license-co/target/classes started by mac in /Users/mac/Downloads/zim-license-co-2/zim-license-co)
2025-10-04T13:54:09.404+02:00  INFO 17157 --- [zim-license-co] [           main] c.z.z.ZimLicenseCoApplication            : No active profile set, falling back to 1 default profile: "default"
2025-10-04T13:54:09.813+02:00  INFO 17157 --- [zim-license-co] [           main] .s.d.r.c.RepositoryConfigurationDelegate : Bootstrapping Spring Data JPA repositories in DEFAULT mode.
2025-10-04T13:54:09.837+02:00  INFO 17157 --- [zim-license-co] [           main] .s.d.r.c.RepositoryConfigurationDelegate : Finished Spring Data repository scanning in 19 ms. Found 2 JPA repository interfaces.
2025-10-04T13:54:10.088+02:00  INFO 17157 --- [zim-license-co] [           main] o.s.b.w.embedded.tomcat.TomcatWebServer  : Tomcat initialized with port 8080 (http)
2025-10-04T13:54:10.096+02:00  INFO 17157 --- [zim-license-co] [           main] o.apache.catalina.core.StandardService   : Starting service [Tomcat]
2025-10-04T13:54:10.096+02:00  INFO 17157 --- [zim-license-co] [           main] o.apache.catalina.core.StandardEngine    : Starting Servlet engine: [Apache Tomcat/10.1.46]
2025-10-04T13:54:10.119+02:00  INFO 17157 --- [zim-license-co] [           main] o.a.c.c.C.[Tomcat].[localhost].[/]       : Initializing Spring embedded WebApplicationContext
2025-10-04T13:54:10.120+02:00  INFO 17157 --- [zim-license-co] [           main] w.s.c.ServletWebServerApplicationContext : Root WebApplicationContext: initialization completed in 697 ms
2025-10-04T13:54:10.278+02:00  INFO 17157 --- [zim-license-co] [           main] com.zaxxer.hikari.HikariDataSource       : HikariPool-1 - Starting...
2025-10-04T13:54:10.365+02:00  INFO 17157 --- [zim-license-co] [           main] com.zaxxer.hikari.pool.HikariPool        : HikariPool-1 - Added connection com.mysql.cj.jdbc.ConnectionImpl@464ede1f
2025-10-04T13:54:10.366+02:00  INFO 17157 --- [zim-license-co] [           main] com.zaxxer.hikari.HikariDataSource       : HikariPool-1 - Start completed.
2025-10-04T13:54:10.389+02:00  INFO 17157 --- [zim-license-co] [           main] org.flywaydb.core.FlywayExecutor         : Database: jdbc:mysql://localhost:3306/telecom_backend?createDatabaseIfNotExist=true&useSSL=false&serverTimezone=UTC (MySQL 9.2)
2025-10-04T13:54:10.396+02:00  WARN 17157 --- [zim-license-co] [           main] o.f.c.internal.database.base.Database    : Flyway upgrade recommended: MySQL 9.2 is newer than this version of Flyway and support has not been tested. The latest supported version of MySQL is 8.1.
2025-10-04T13:54:10.413+02:00  INFO 17157 --- [zim-license-co] [           main] o.f.c.i.s.JdbcTableSchemaHistory         : Schema history table `telecom_backend`.`flyway_schema_history` does not exist yet
2025-10-04T13:54:10.415+02:00  INFO 17157 --- [zim-license-co] [           main] o.f.core.internal.command.DbValidate     : Successfully validated 3 migrations (execution time 00:00.013s)
2025-10-04T13:54:10.435+02:00  INFO 17157 --- [zim-license-co] [           main] org.flywaydb.core.Flyway                 : All configured schemas are empty; baseline operation skipped. A baseline or migration script with a lower version than the baseline version may execute if available. Check the Schemas parameter if this is not intended.
2025-10-04T13:54:10.439+02:00  INFO 17157 --- [zim-license-co] [           main] o.f.c.i.s.JdbcTableSchemaHistory         : Creating Schema History table `telecom_backend`.`flyway_schema_history` ...
2025-10-04T13:54:10.477+02:00  INFO 17157 --- [zim-license-co] [           main] o.f.core.internal.command.DbMigrate      : Current version of schema `telecom_backend`: << Empty Schema >>
2025-10-04T13:54:10.482+02:00  INFO 17157 --- [zim-license-co] [           main] o.f.core.internal.command.DbMigrate      : Migrating schema `telecom_backend` to version "1 - create companies table"
2025-10-04T13:54:10.508+02:00  INFO 17157 --- [zim-license-co] [           main] o.f.core.internal.command.DbMigrate      : Migrating schema `telecom_backend` to version "2 - create licenses table"
2025-10-04T13:54:10.525+02:00  INFO 17157 --- [zim-license-co] [           main] o.f.core.internal.command.DbMigrate      : Migrating schema `telecom_backend` to version "3 - insert sample data"
2025-10-04T13:54:10.535+02:00  INFO 17157 --- [zim-license-co] [           main] o.f.core.internal.command.DbMigrate      : Successfully applied 3 migrations to schema `telecom_backend`, now at version v3 (execution time 00:00.023s)
2025-10-04T13:54:10.577+02:00  INFO 17157 --- [zim-license-co] [           main] o.hibernate.jpa.internal.util.LogHelper  : HHH000204: Processing PersistenceUnitInfo [name: default]
2025-10-04T13:54:10.604+02:00  INFO 17157 --- [zim-license-co] [           main] org.hibernate.Version                    : HHH000412: Hibernate ORM core version 6.6.29.Final
2025-10-04T13:54:10.619+02:00  INFO 17157 --- [zim-license-co] [           main] o.h.c.internal.RegionFactoryInitiator    : HHH000026: Second-level cache disabled
2025-10-04T13:54:10.746+02:00  INFO 17157 --- [zim-license-co] [           main] o.s.o.j.p.SpringPersistenceUnitInfo      : No LoadTimeWeaver setup: ignoring JPA class transformer
2025-10-04T13:54:10.781+02:00  WARN 17157 --- [zim-license-co] [           main] org.hibernate.orm.deprecation            : HHH90000025: MySQLDialect does not need to be specified explicitly using 'hibernate.dialect' (remove the property setting and it will be selected by default)
2025-10-04T13:54:10.788+02:00  INFO 17157 --- [zim-license-co] [           main] org.hibernate.orm.connections.pooling    : HHH10001005: Database info:
	Database JDBC URL [Connecting through datasource 'HikariDataSource (HikariPool-1)']
	Database driver: undefined/unknown
	Database version: 9.2
	Autocommit mode: undefined/unknown
	Isolation level: undefined/unknown
	Minimum pool size: undefined/unknown
	Maximum pool size: undefined/unknown
2025-10-04T13:54:11.178+02:00  INFO 17157 --- [zim-license-co] [           main] o.h.e.t.j.p.i.JtaPlatformInitiator       : HHH000489: No JTA platform available (set 'hibernate.transaction.jta.platform' to enable JTA platform integration)
2025-10-04T13:54:11.202+02:00  INFO 17157 --- [zim-license-co] [           main] j.LocalContainerEntityManagerFactoryBean : Initialized JPA EntityManagerFactory for persistence unit 'default'
2025-10-04T13:54:11.400+02:00  WARN 17157 --- [zim-license-co] [           main] JpaBaseConfiguration$JpaWebConfiguration : spring.jpa.open-in-view is enabled by default. Therefore, database queries may be performed during view rendering. Explicitly configure spring.jpa.open-in-view to disable this warning
2025-10-04T13:54:11.523+02:00  INFO 17157 --- [zim-license-co] [           main] o.s.b.a.e.web.EndpointLinksResolver      : Exposing 2 endpoints beneath base path '/actuator'
2025-10-04T13:54:11.542+02:00  WARN 17157 --- [zim-license-co] [           main] .s.s.UserDetailsServiceAutoConfiguration : 

Using generated security password: bd459718-4088-462d-99fc-77a9505b562d

This generated password is for development use only. Your security configuration must be updated before running your application in production.

2025-10-04T13:54:11.546+02:00  INFO 17157 --- [zim-license-co] [           main] r$InitializeUserDetailsManagerConfigurer : Global AuthenticationManager configured with UserDetailsService bean with name inMemoryUserDetailsManager
2025-10-04T13:54:11.721+02:00  INFO 17157 --- [zim-license-co] [           main] o.s.b.w.embedded.tomcat.TomcatWebServer  : Tomcat started on port 8080 (http) with context path '/'
2025-10-04T13:54:11.730+02:00  INFO 17157 --- [zim-license-co] [           main] c.z.z.ZimLicenseCoApplication            : Started ZimLicenseCoApplication in 2.492 seconds (process running for 2.626)
2025-10-04T13:54:32.511+02:00  INFO 17157 --- [zim-license-co] [nio-8080-exec-1] o.a.c.c.C.[Tomcat].[localhost].[/]       : Initializing Spring DispatcherServlet 'dispatcherServlet'
2025-10-04T13:54:32.511+02:00  INFO 17157 --- [zim-license-co] [nio-8080-exec-1] o.s.web.servlet.DispatcherServlet        : Initializing Servlet 'dispatcherServlet'
2025-10-04T13:54:32.513+02:00  INFO 17157 --- [zim-license-co] [nio-8080-exec-1] o.s.web.servlet.DispatcherServlet        : Completed initialization in 2 ms
Hibernate: 
    select
        l1_0.id,
        l1_0.application_fee_paid,
        l1_0.company_name,
        l1_0.created_at,
        l1_0.email,
        l1_0.issue_date,
        l1_0.latitude,
        l1_0.license_fee_paid,
        l1_0.license_type,
        l1_0.longitude,
        l1_0.updated_at,
        l1_0.validity_period_years 
    from
        licenses l1_0
Hibernate: 
    select
        l1_0.id,
        l1_0.application_fee_paid,
        l1_0.company_name,
        l1_0.created_at,
        l1_0.email,
        l1_0.issue_date,
        l1_0.latitude,
        l1_0.license_fee_paid,
        l1_0.license_type,
        l1_0.longitude,
        l1_0.updated_at,
        l1_0.validity_period_years 
    from
        licenses l1_0
Hibernate: 
    select
        l1_0.id,
        l1_0.application_fee_paid,
        l1_0.company_name,
        l1_0.created_at,
        l1_0.email,
        l1_0.issue_date,
        l1_0.latitude,
        l1_0.license_fee_paid,
        l1_0.license_type,
        l1_0.longitude,
        l1_0.updated_at,
        l1_0.validity_period_years 
    from
        licenses l1_0
Hibernate: 
    select
        l1_0.id,
        l1_0.application_fee_paid,
        l1_0.company_name,
        l1_0.created_at,
        l1_0.email,
        l1_0.issue_date,
        l1_0.latitude,
        l1_0.license_fee_paid,
        l1_0.license_type,
        l1_0.longitude,
        l1_0.updated_at,
        l1_0.validity_period_years 
    from
        licenses l1_0
Hibernate: 
    select
        l1_0.id,
        l1_0.application_fee_paid,
        l1_0.company_name,
        l1_0.created_at,
        l1_0.email,
        l1_0.issue_date,
        l1_0.latitude,
        l1_0.license_fee_paid,
        l1_0.license_type,
        l1_0.longitude,
        l1_0.updated_at,
        l1_0.validity_period_years 
    from
        licenses l1_0
Hibernate: 
    select
        count(*) 
    from
        licenses l1_0 
    where
        l1_0.id=?
Hibernate: 
    select
        l1_0.id,
        l1_0.application_fee_paid,
        l1_0.company_name,
        l1_0.created_at,
        l1_0.email,
        l1_0.issue_date,
        l1_0.latitude,
        l1_0.license_fee_paid,
        l1_0.license_type,
        l1_0.longitude,
        l1_0.updated_at,
        l1_0.validity_period_years 
    from
        licenses l1_0 
    where
        l1_0.id=?
Hibernate: 
    delete 
    from
        licenses 
    where
        id=?
Hibernate: 
    select
        l1_0.id,
        l1_0.application_fee_paid,
        l1_0.company_name,
        l1_0.created_at,
        l1_0.email,
        l1_0.issue_date,
        l1_0.latitude,
        l1_0.license_fee_paid,
        l1_0.license_type,
        l1_0.longitude,
        l1_0.updated_at,
        l1_0.validity_period_years 
    from
        licenses l1_0
Hibernate: 
    select
        l1_0.id,
        l1_0.application_fee_paid,
        l1_0.company_name,
        l1_0.created_at,
        l1_0.email,
        l1_0.issue_date,
        l1_0.latitude,
        l1_0.license_fee_paid,
        l1_0.license_type,
        l1_0.longitude,
        l1_0.updated_at,
        l1_0.validity_period_years 
    from
        licenses l1_0
